========================== SD IP Core Testbench results ===========================
 
  ***************************************************************************************
  ***************************************************************************************
  Heading: access_to_reg                                                                                       
  ***************************************************************************************
  ***************************************************************************************
 
    *************************************************************************************
    At time:                 2903 
    Test: TEST 0: 32-BIT READ-WRITE REGISTERS ( VARIOUS BUS DELAYS )                                          
    *FAILED* because
    Register %h defaultvalue is not RSP                                                                                                                                                                                                                                                                                                                                                                                                                                                                                                                                                                                                                                                                                                                                                                                                                                                                                                                                                                                                     ;         72
    *************************************************************************************
 
    *************************************************************************************
    At time:                 3215 
    Test: TEST 0: 32-BIT READ-WRITE REGISTERS ( VARIOUS BUS DELAYS )                                          
    *FAILED* because
    Register %h defaultvalue is not RSP                                                                                                                                                                                                                                                                                                                                                                                                                                                                                                                                                                                                                                                                                                                                                                                                                                                                                                                                                                                                     ;         28
    *************************************************************************************
 
    *************************************************************************************
    At time:                 3423 
    Test: TEST 0: 32-BIT READ-WRITE REGISTERS ( VARIOUS BUS DELAYS )                                          
    *FAILED* because
    Register %h defaultvalue is not RSP                                                                                                                                                                                                                                                                                                                                                                                                                                                                                                                                                                                                                                                                                                                                                                                                                                                                                                                                                                                                     ;         36
    *************************************************************************************
 
  ***************************************************************************************
  ***************************************************************************************
  Heading: Send CMD                                                                                            
  ***************************************************************************************
  ***************************************************************************************
 
    *************************************************************************************
    At time:                 8077 
    Test: 0:  Send CMD, No Response                                                                           
    reported *SUCCESSFULL*! 
    *************************************************************************************
 
  ***************************************************************************************
  ***************************************************************************************
  Heading: access_to_reg                                                                                       
  ***************************************************************************************
  ***************************************************************************************
 
    *************************************************************************************
    At time:                61507 
    Test: 3.0:  Init Seq, No Response                                                                         
    reported *SUCCESSFULL*! 
    *************************************************************************************
 
  ***************************************************************************************
  ***************************************************************************************
  Heading: access_to_reg                                                                                       
  ***************************************************************************************
  ***************************************************************************************
 
    *************************************************************************************
    At time:               208147 
    Test: 4.0:  Send data                                                                                     
    reported *SUCCESSFULL*! 
    *************************************************************************************
 
    *************************************************************************************
    At time:               415419 
    Test: 4.0:  Send data                                                                                     
    reported *SUCCESSFULL*! 
    *************************************************************************************
 
  ***************************************************************************************
  ***************************************************************************************
  Heading: Send CMD, with simulated bus error on SD_CMD line                                                   
  ***************************************************************************************
  ***************************************************************************************
 
    *************************************************************************************
    At time:               443473 
    Test:  Test 5 part 4:   Send CMD2, 136-Bit                                                                
    reported *SUCCESSFULL*! 
    *************************************************************************************
 
